<?xml version="1.0" encoding="UTF-8"?>
<testsuite xmlns:xsi="http://www.w3.org/2001/XMLSchema-instance" xsi:noNamespaceSchemaLocation="https://maven.apache.org/surefire/maven-surefire-plugin/xsd/surefire-test-report.xsd" name="runner.TestRunner" time="17.026" tests="2" errors="0" skipped="0" failures="0">
  <properties>
[...]
</properties>
  <testcase name="Login to Test Environment Retail Page #1" classname="Test Environment Retail Page #1" time="4.56"/>
  <testcase name="Register with Test Environment Webpage" classname="Test Environment Retail Page #2" time="10.6"/>
</testsuite>